<?xml version="1.0" encoding="utf-8"?><testsuites name="pytest tests"><testsuite name="pytest" errors="0" failures="0" skipped="0" tests="13" time="3.722" timestamp="2026-04-23T02:06:06.991473+00:00" hostname="agent-env-8c211c17-9adf-41fd-8a73-e7ee953eff48"><testcase classname="backend.tests.test_images_and_properties.TestImageUpload" name="test_upload_jpeg_resizes_and_compresses" time="0.546" /><testcase classname="backend.tests.test_images_and_properties.TestImageUpload" name="test_upload_png_converts_to_jpeg" time="0.392" /><testcase classname="backend.tests.test_images_and_properties.TestImageUpload" name="test_upload_rejects_text_file" time="0.124" /><testcase classname="backend.tests.test_images_and_properties.TestImageUpload" name="test_upload_rejects_oversize_file" time="0.827" /><testcase classname="backend.tests.test_images_and_properties.TestImageGetDelete" name="test_get_image_returns_bytes_and_headers" time="0.434" /><testcase classname="backend.tests.test_images_and_properties.TestImageGetDelete" name="test_get_image_404_for_unknown" time="0.109" /><testcase classname="backend.tests.test_images_and_properties.TestImageGetDelete" name="test_delete_image_then_get_404" time="0.418" /><testcase classname="backend.tests.test_images_and_properties.TestPropertiesEndpoints" name="test_curated_returns_21" time="0.111" /><testcase classname="backend.tests.test_images_and_properties.TestPropertiesEndpoints" name="test_inventory_returns_582" time="0.167" /><testcase classname="backend.tests.test_images_and_properties.TestPropertiesEndpoints" name="test_all_properties" time="0.181" /><testcase classname="backend.tests.test_images_and_properties.TestRegression" name="test_get_leads_ok" time="0.115" /><testcase classname="backend.tests.test_images_and_properties.TestRegression" name="test_create_lead_rejects_no_consent" time="0.117" /><testcase classname="backend.tests.test_images_and_properties.TestRegression" name="test_chat_endpoint_responds" time="0.117" /></testsuite></testsuites>