<?xml version="1.0" encoding="utf-8"?><testsuites name="pytest tests"><testsuite name="pytest" errors="0" failures="0" skipped="0" tests="16" time="2.618" timestamp="2026-06-22T23:12:58.043679+00:00" hostname="agent-env-8c211c17-9adf-41fd-8a73-e7ee953eff48"><testcase classname="backend.tests.test_blogs_api.TestPublicBlogs" name="test_list_returns_11_blogs" time="0.241" /><testcase classname="backend.tests.test_blogs_api.TestPublicBlogs" name="test_get_single_blog_by_slug" time="0.123" /><testcase classname="backend.tests.test_blogs_api.TestPublicBlogs" name="test_get_blog_404" time="0.112" /><testcase classname="backend.tests.test_blogs_api.TestBlogAuth" name="test_post_without_auth_401" time="0.100" /><testcase classname="backend.tests.test_blogs_api.TestBlogAuth" name="test_post_wrong_token_403" time="0.108" /><testcase classname="backend.tests.test_blogs_api.TestBlogCRUD" name="test_01_create_blog" time="0.211" /><testcase classname="backend.tests.test_blogs_api.TestBlogCRUD" name="test_02_create_duplicate_409" time="0.138" /><testcase classname="backend.tests.test_blogs_api.TestBlogCRUD" name="test_03_invalid_slug_400" time="0.107" /><testcase classname="backend.tests.test_blogs_api.TestBlogCRUD" name="test_04_patch_updates_title" time="0.375" /><testcase classname="backend.tests.test_blogs_api.TestBlogCRUD" name="test_05_reindex_requires_auth" time="0.113" /><testcase classname="backend.tests.test_blogs_api.TestBlogCRUD" name="test_06_reindex_ok" time="0.102" /><testcase classname="backend.tests.test_blogs_api.TestBlogCRUD" name="test_07_reindex_unknown_404" time="0.124" /><testcase classname="backend.tests.test_blogs_api.TestBlogCRUD" name="test_08_delete_blog" time="0.387" /><testcase classname="backend.tests.test_blogs_api.TestAdminKeyGate" name="test_correct_password_returns_key" time="0.098" /><testcase classname="backend.tests.test_blogs_api.TestAdminKeyGate" name="test_wrong_password_403" time="0.104" /><testcase classname="backend.tests.test_blogs_api.TestIndexNowKeyFile" name="test_keyfile_reachable" time="0.110" /></testsuite></testsuites>