<?xml version="1.0" encoding="utf-8"?><testsuites name="pytest tests"><testsuite name="pytest" errors="0" failures="0" skipped="0" tests="12" time="1.922" timestamp="2026-04-18T03:36:12.228626+00:00" hostname="agent-env-8c211c17-9adf-41fd-8a73-e7ee953eff48"><testcase classname="backend.tests.test_properties_api.TestPropertiesAPI" name="test_get_all_properties_returns_587" time="0.236" /><testcase classname="backend.tests.test_properties_api.TestPropertiesAPI" name="test_inventory_lots_count" time="0.148" /><testcase classname="backend.tests.test_properties_api.TestPropertiesAPI" name="test_curated_listings_count" time="0.170" /><testcase classname="backend.tests.test_properties_api.TestPropertiesAPI" name="test_curated_listings_categories" time="0.142" /><testcase classname="backend.tests.test_properties_api.TestPropertiesAPI" name="test_featured_property_exists" time="0.158" /><testcase classname="backend.tests.test_properties_api.TestPropertiesAPI" name="test_inventory_lot_has_required_fields" time="0.213" /><testcase classname="backend.tests.test_properties_api.TestPropertiesAPI" name="test_inventory_lot_data_structure" time="0.152" /><testcase classname="backend.tests.test_properties_api.TestFeaturedPropertiesAPI" name="test_get_featured_properties" time="0.134" /><testcase classname="backend.tests.test_properties_api.TestLeadsAPI" name="test_get_leads" time="0.120" /><testcase classname="backend.tests.test_properties_api.TestLeadsAPI" name="test_create_lead_requires_consent" time="0.111" /><testcase classname="backend.tests.test_properties_api.TestHealthEndpoints" name="test_root_endpoint" time="0.111" /><testcase classname="backend.tests.test_properties_api.TestHealthEndpoints" name="test_visitor_count" time="0.170" /></testsuite></testsuites>